2020-07-13 10:52:42.980  INFO 12732 --- [main] b.m.TemplateSpringBootMybatisApplication : Starting TemplateSpringBootMybatisApplication on DESKTOP-T5E19KG with PID 12732 (E:\onion\github\template-spring-boot-mybatis\target\classes started by admin in E:\onion\github\template-spring-boot-mybatis)
2020-07-13 10:52:42.984  INFO 12732 --- [main] b.m.TemplateSpringBootMybatisApplication : No active profile set, falling back to default profiles: default
2020-07-13 10:52:44.442  WARN 12732 --- [main] t.m.s.mapper.ClassPathMapperScanner      : No MyBatis mapper was found in '[com.onion.template.spring.boot.mybatis]' package. Please check your configuration.
2020-07-13 10:52:44.546  INFO 12732 --- [main] .s.d.r.c.RepositoryConfigurationDelegate : Multiple Spring Data modules found, entering strict repository configuration mode!
2020-07-13 10:52:44.551  INFO 12732 --- [main] .s.d.r.c.RepositoryConfigurationDelegate : Bootstrapping Spring Data Redis repositories in DEFAULT mode.
2020-07-13 10:52:44.621  INFO 12732 --- [main] .s.d.r.c.RepositoryConfigurationDelegate : Finished Spring Data repository scanning in 33ms. Found 0 Redis repository interfaces.
2020-07-13 10:52:45.114  WARN 12732 --- [main] o.m.s.mapper.ClassPathMapperScanner      : No MyBatis mapper was found in '[com.onion.template.spring.boot.mybatis]' package. Please check your configuration.
2020-07-13 10:52:45.760  INFO 12732 --- [main] o.s.b.w.embedded.tomcat.TomcatWebServer  : Tomcat initialized with port(s): 8080 (http)
2020-07-13 10:52:45.786  INFO 12732 --- [main] o.apache.catalina.core.StandardService   : Starting service [Tomcat]
2020-07-13 10:52:45.786  INFO 12732 --- [main] org.apache.catalina.core.StandardEngine  : Starting Servlet engine: [Apache Tomcat/9.0.35]
2020-07-13 10:52:45.912  INFO 12732 --- [main] o.a.c.c.C.[Tomcat].[localhost].[/]       : Initializing Spring embedded WebApplicationContext
2020-07-13 10:52:45.912  INFO 12732 --- [main] o.s.web.context.ContextLoader            : Root WebApplicationContext: initialization completed in 2874 ms
2020-07-13 10:52:46.670  INFO 12732 --- [main] c.a.d.s.b.a.DruidDataSourceAutoConfigure : Init DruidDataSource
2020-07-13 10:52:52.033  INFO 12732 --- [main] com.alibaba.druid.pool.DruidDataSource   : {dataSource-1} inited
2020-07-13 10:52:52.721  INFO 12732 --- [main] pertySourcedRequestMappingHandlerMapping : Mapped URL path [/v2/api-docs] onto method [springfox.documentation.swagger2.web.Swagger2Controller#getDocumentation(String, HttpServletRequest)]
2020-07-13 10:52:53.947  INFO 12732 --- [main] o.s.b.w.embedded.tomcat.TomcatWebServer  : Tomcat started on port(s): 8080 (http) with context path ''
2020-07-13 10:52:53.948  INFO 12732 --- [main] d.s.w.p.DocumentationPluginsBootstrapper : Context refreshed
2020-07-13 10:52:53.980  INFO 12732 --- [main] d.s.w.p.DocumentationPluginsBootstrapper : Found 1 custom documentation plugin(s)
2020-07-13 10:52:54.030  INFO 12732 --- [main] s.d.s.w.s.ApiListingReferenceScanner     : Scanning for api listing references
2020-07-13 10:52:54.215  INFO 12732 --- [main] b.m.TemplateSpringBootMybatisApplication : Started TemplateSpringBootMybatisApplication in 11.664 seconds (JVM running for 17.131)
2020-07-13 10:53:22.786  INFO 12732 --- [http-nio-8080-exec-1] o.a.c.c.C.[Tomcat].[localhost].[/]       : Initializing Spring DispatcherServlet 'dispatcherServlet'
2020-07-13 10:53:22.786  INFO 12732 --- [http-nio-8080-exec-1] o.s.web.servlet.DispatcherServlet        : Initializing Servlet 'dispatcherServlet'
2020-07-13 10:53:22.791  INFO 12732 --- [http-nio-8080-exec-1] o.s.web.servlet.DispatcherServlet        : Completed initialization in 5 ms
2020-07-13 10:53:23.169  WARN 12732 --- [http-nio-8080-exec-6] o.s.web.servlet.PageNotFound             : No mapping for GET /
2020-07-13 10:53:23.199 ERROR 12732 --- [http-nio-8080-exec-6] c.o.t.s.b.m.config.TokenInterceptor      : 前端Token有问题，校验Redis上的Token失败
2020-07-13 10:53:23.205  WARN 12732 --- [http-nio-8080-exec-7] o.s.web.servlet.PageNotFound             : No mapping for GET /csrf
2020-07-13 10:53:23.206 ERROR 12732 --- [http-nio-8080-exec-7] c.o.t.s.b.m.config.TokenInterceptor      : 前端Token有问题，校验Redis上的Token失败
2020-07-13 11:16:12.280  INFO 1320 --- [main] emplateSpringBootMybatisApplicationTests : Starting TemplateSpringBootMybatisApplicationTests on DESKTOP-T5E19KG with PID 1320 (started by admin in E:\onion\github\template-spring-boot-mybatis)
2020-07-13 11:16:12.291  INFO 1320 --- [main] emplateSpringBootMybatisApplicationTests : No active profile set, falling back to default profiles: default
2020-07-13 11:16:14.542  WARN 1320 --- [main] t.m.s.mapper.ClassPathMapperScanner      : No MyBatis mapper was found in '[com.onion.template.spring.boot.mybatis]' package. Please check your configuration.
2020-07-13 11:16:14.656  INFO 1320 --- [main] .s.d.r.c.RepositoryConfigurationDelegate : Multiple Spring Data modules found, entering strict repository configuration mode!
2020-07-13 11:16:14.660  INFO 1320 --- [main] .s.d.r.c.RepositoryConfigurationDelegate : Bootstrapping Spring Data Redis repositories in DEFAULT mode.
2020-07-13 11:16:14.715  INFO 1320 --- [main] .s.d.r.c.RepositoryConfigurationDelegate : Finished Spring Data repository scanning in 23ms. Found 0 Redis repository interfaces.
2020-07-13 11:16:14.897  WARN 1320 --- [main] o.m.s.mapper.ClassPathMapperScanner      : No MyBatis mapper was found in '[com.onion.template.spring.boot.mybatis]' package. Please check your configuration.
2020-07-13 11:16:16.916  INFO 1320 --- [main] c.a.d.s.b.a.DruidDataSourceAutoConfigure : Init DruidDataSource
2020-07-13 11:16:18.681  INFO 1320 --- [main] com.alibaba.druid.pool.DruidDataSource   : {dataSource-1} inited
2020-07-13 11:16:20.431  INFO 1320 --- [main] pertySourcedRequestMappingHandlerMapping : Mapped URL path [/v2/api-docs] onto method [springfox.documentation.swagger2.web.Swagger2Controller#getDocumentation(String, HttpServletRequest)]
2020-07-13 11:16:21.266  INFO 1320 --- [main] d.s.w.p.DocumentationPluginsBootstrapper : Context refreshed
2020-07-13 11:16:21.307  INFO 1320 --- [main] d.s.w.p.DocumentationPluginsBootstrapper : Found 1 custom documentation plugin(s)
2020-07-13 11:16:21.340  INFO 1320 --- [main] s.d.s.w.s.ApiListingReferenceScanner     : Scanning for api listing references
2020-07-13 11:16:21.993  INFO 1320 --- [main] emplateSpringBootMybatisApplicationTests : Started TemplateSpringBootMybatisApplicationTests in 10.685 seconds (JVM running for 13.611)
2020-07-13 11:16:22.187  INFO 1320 --- [main] o.s.t.c.transaction.TransactionContext   : Began transaction (1) for test context [DefaultTestContext@5b247367 testClass = TemplateSpringBootMybatisApplicationTests, testInstance = com.onion.template.spring.boot.mybatis.TemplateSpringBootMybatisApplicationTests@1ff463bb, testMethod = testRole@TemplateSpringBootMybatisApplicationTests, testException = [null], mergedContextConfiguration = [WebMergedContextConfiguration@268f106e testClass = TemplateSpringBootMybatisApplicationTests, locations = '{}', classes = '{class com.onion.template.spring.boot.mybatis.TemplateSpringBootMybatisApplication, class com.onion.template.spring.boot.mybatis.TemplateSpringBootMybatisApplication}', contextInitializerClasses = '[]', activeProfiles = '{}', propertySourceLocations = '{}', propertySourceProperties = '{org.springframework.boot.test.context.SpringBootTestContextBootstrapper=true}', contextCustomizers = set[org.springframework.boot.test.context.filter.ExcludeFilterContextCustomizer@3023df74, org.springframework.boot.test.json.DuplicateJsonObjectContextCustomizerFactory$DuplicateJsonObjectContextCustomizer@2a65fe7c, org.springframework.boot.test.mock.mockito.MockitoContextCustomizer@0, org.springframework.boot.test.web.client.TestRestTemplateContextCustomizer@7b98f307, org.springframework.boot.test.autoconfigure.properties.PropertyMappingContextCustomizer@0, org.springframework.boot.test.autoconfigure.web.servlet.WebDriverContextCustomizerFactory$Customizer@5b7a5baa, org.springframework.boot.test.context.SpringBootTestArgs@1], resourceBasePath = 'src/main/webapp', contextLoader = 'org.springframework.boot.test.context.SpringBootContextLoader', parent = [null]], attributes = map['org.springframework.test.context.web.ServletTestExecutionListener.activateListener' -> true, 'org.springframework.test.context.web.ServletTestExecutionListener.populatedRequestContextHolder' -> true, 'org.springframework.test.context.web.ServletTestExecutionListener.resetRequestContextHolder' -> true]]; transaction manager [org.springframework.jdbc.datasource.DataSourceTransactionManager@3b9c9b8b]; rollback [true]
2020-07-13 11:16:22.678 DEBUG 1320 --- [main] c.o.t.s.b.m.mapper.RoleMapper.selectAll  : ==>  Preparing: SELECT role_id,role_name,role_status,role_remarks,limited_id FROM role 
2020-07-13 11:16:22.723 DEBUG 1320 --- [main] c.o.t.s.b.m.mapper.RoleMapper.selectAll  : ==> Parameters: 
2020-07-13 11:16:22.936 DEBUG 1320 --- [main] c.o.t.s.b.m.mapper.RoleMapper.selectAll  : <==      Total: 9
2020-07-13 11:16:23.323  INFO 1320 --- [main] o.s.t.c.transaction.TransactionContext   : Rolled back transaction for test: [DefaultTestContext@5b247367 testClass = TemplateSpringBootMybatisApplicationTests, testInstance = com.onion.template.spring.boot.mybatis.TemplateSpringBootMybatisApplicationTests@1ff463bb, testMethod = testRole@TemplateSpringBootMybatisApplicationTests, testException = [null], mergedContextConfiguration = [WebMergedContextConfiguration@268f106e testClass = TemplateSpringBootMybatisApplicationTests, locations = '{}', classes = '{class com.onion.template.spring.boot.mybatis.TemplateSpringBootMybatisApplication, class com.onion.template.spring.boot.mybatis.TemplateSpringBootMybatisApplication}', contextInitializerClasses = '[]', activeProfiles = '{}', propertySourceLocations = '{}', propertySourceProperties = '{org.springframework.boot.test.context.SpringBootTestContextBootstrapper=true}', contextCustomizers = set[org.springframework.boot.test.context.filter.ExcludeFilterContextCustomizer@3023df74, org.springframework.boot.test.json.DuplicateJsonObjectContextCustomizerFactory$DuplicateJsonObjectContextCustomizer@2a65fe7c, org.springframework.boot.test.mock.mockito.MockitoContextCustomizer@0, org.springframework.boot.test.web.client.TestRestTemplateContextCustomizer@7b98f307, org.springframework.boot.test.autoconfigure.properties.PropertyMappingContextCustomizer@0, org.springframework.boot.test.autoconfigure.web.servlet.WebDriverContextCustomizerFactory$Customizer@5b7a5baa, org.springframework.boot.test.context.SpringBootTestArgs@1], resourceBasePath = 'src/main/webapp', contextLoader = 'org.springframework.boot.test.context.SpringBootContextLoader', parent = [null]], attributes = map['org.springframework.test.context.web.ServletTestExecutionListener.activateListener' -> true, 'org.springframework.test.context.web.ServletTestExecutionListener.populatedRequestContextHolder' -> true, 'org.springframework.test.context.web.ServletTestExecutionListener.resetRequestContextHolder' -> true]]
2020-07-13 11:16:23.394  INFO 1320 --- [SpringContextShutdownHook] com.alibaba.druid.pool.DruidDataSource   : {dataSource-1} closing ...
2020-07-13 11:16:23.449  INFO 1320 --- [SpringContextShutdownHook] com.alibaba.druid.pool.DruidDataSource   : {dataSource-1} closed
2020-07-13 11:17:59.028  INFO 8892 --- [main] emplateSpringBootMybatisApplicationTests : Starting TemplateSpringBootMybatisApplicationTests on DESKTOP-T5E19KG with PID 8892 (started by admin in E:\onion\github\template-spring-boot-mybatis)
2020-07-13 11:17:59.029  INFO 8892 --- [main] emplateSpringBootMybatisApplicationTests : No active profile set, falling back to default profiles: default
2020-07-13 11:17:59.794  WARN 8892 --- [main] t.m.s.mapper.ClassPathMapperScanner      : No MyBatis mapper was found in '[com.onion.template.spring.boot.mybatis]' package. Please check your configuration.
2020-07-13 11:17:59.851  INFO 8892 --- [main] .s.d.r.c.RepositoryConfigurationDelegate : Multiple Spring Data modules found, entering strict repository configuration mode!
2020-07-13 11:17:59.854  INFO 8892 --- [main] .s.d.r.c.RepositoryConfigurationDelegate : Bootstrapping Spring Data Redis repositories in DEFAULT mode.
2020-07-13 11:17:59.888  INFO 8892 --- [main] .s.d.r.c.RepositoryConfigurationDelegate : Finished Spring Data repository scanning in 20ms. Found 0 Redis repository interfaces.
2020-07-13 11:17:59.989  WARN 8892 --- [main] o.m.s.mapper.ClassPathMapperScanner      : No MyBatis mapper was found in '[com.onion.template.spring.boot.mybatis]' package. Please check your configuration.
2020-07-13 11:18:00.869  INFO 8892 --- [main] c.a.d.s.b.a.DruidDataSourceAutoConfigure : Init DruidDataSource
2020-07-13 11:18:01.667  INFO 8892 --- [main] com.alibaba.druid.pool.DruidDataSource   : {dataSource-1} inited
2020-07-13 11:18:02.486  INFO 8892 --- [main] pertySourcedRequestMappingHandlerMapping : Mapped URL path [/v2/api-docs] onto method [springfox.documentation.swagger2.web.Swagger2Controller#getDocumentation(String, HttpServletRequest)]
2020-07-13 11:18:03.063  INFO 8892 --- [main] d.s.w.p.DocumentationPluginsBootstrapper : Context refreshed
2020-07-13 11:18:03.080  INFO 8892 --- [main] d.s.w.p.DocumentationPluginsBootstrapper : Found 1 custom documentation plugin(s)
2020-07-13 11:18:03.104  INFO 8892 --- [main] s.d.s.w.s.ApiListingReferenceScanner     : Scanning for api listing references
2020-07-13 11:18:03.533  INFO 8892 --- [main] emplateSpringBootMybatisApplicationTests : Started TemplateSpringBootMybatisApplicationTests in 4.916 seconds (JVM running for 5.86)
2020-07-13 11:18:03.775  INFO 8892 --- [main] o.s.t.c.transaction.TransactionContext   : Began transaction (1) for test context [DefaultTestContext@5b247367 testClass = TemplateSpringBootMybatisApplicationTests, testInstance = com.onion.template.spring.boot.mybatis.TemplateSpringBootMybatisApplicationTests@3b9c9b8b, testMethod = testRole@TemplateSpringBootMybatisApplicationTests, testException = [null], mergedContextConfiguration = [WebMergedContextConfiguration@268f106e testClass = TemplateSpringBootMybatisApplicationTests, locations = '{}', classes = '{class com.onion.template.spring.boot.mybatis.TemplateSpringBootMybatisApplication, class com.onion.template.spring.boot.mybatis.TemplateSpringBootMybatisApplication}', contextInitializerClasses = '[]', activeProfiles = '{}', propertySourceLocations = '{}', propertySourceProperties = '{org.springframework.boot.test.context.SpringBootTestContextBootstrapper=true}', contextCustomizers = set[org.springframework.boot.test.context.filter.ExcludeFilterContextCustomizer@3023df74, org.springframework.boot.test.json.DuplicateJsonObjectContextCustomizerFactory$DuplicateJsonObjectContextCustomizer@2a65fe7c, org.springframework.boot.test.mock.mockito.MockitoContextCustomizer@0, org.springframework.boot.test.web.client.TestRestTemplateContextCustomizer@7b98f307, org.springframework.boot.test.autoconfigure.properties.PropertyMappingContextCustomizer@0, org.springframework.boot.test.autoconfigure.web.servlet.WebDriverContextCustomizerFactory$Customizer@5b7a5baa, org.springframework.boot.test.context.SpringBootTestArgs@1], resourceBasePath = 'src/main/webapp', contextLoader = 'org.springframework.boot.test.context.SpringBootContextLoader', parent = [null]], attributes = map['org.springframework.test.context.web.ServletTestExecutionListener.activateListener' -> true, 'org.springframework.test.context.web.ServletTestExecutionListener.populatedRequestContextHolder' -> true, 'org.springframework.test.context.web.ServletTestExecutionListener.resetRequestContextHolder' -> true]]; transaction manager [org.springframework.jdbc.datasource.DataSourceTransactionManager@7769d9b6]; rollback [true]
2020-07-13 11:18:04.021 DEBUG 8892 --- [main] c.o.t.s.b.m.m.R.selectByPrimaryKey       : ==>  Preparing: SELECT role_id,role_name,role_status,role_remarks,limited_id FROM role WHERE role_id = ? 
2020-07-13 11:18:04.045 DEBUG 8892 --- [main] c.o.t.s.b.m.m.R.selectByPrimaryKey       : ==> Parameters: 1(Integer)
2020-07-13 11:18:04.180 DEBUG 8892 --- [main] c.o.t.s.b.m.m.R.selectByPrimaryKey       : <==      Total: 1
2020-07-13 11:18:04.398  INFO 8892 --- [main] o.s.t.c.transaction.TransactionContext   : Rolled back transaction for test: [DefaultTestContext@5b247367 testClass = TemplateSpringBootMybatisApplicationTests, testInstance = com.onion.template.spring.boot.mybatis.TemplateSpringBootMybatisApplicationTests@3b9c9b8b, testMethod = testRole@TemplateSpringBootMybatisApplicationTests, testException = [null], mergedContextConfiguration = [WebMergedContextConfiguration@268f106e testClass = TemplateSpringBootMybatisApplicationTests, locations = '{}', classes = '{class com.onion.template.spring.boot.mybatis.TemplateSpringBootMybatisApplication, class com.onion.template.spring.boot.mybatis.TemplateSpringBootMybatisApplication}', contextInitializerClasses = '[]', activeProfiles = '{}', propertySourceLocations = '{}', propertySourceProperties = '{org.springframework.boot.test.context.SpringBootTestContextBootstrapper=true}', contextCustomizers = set[org.springframework.boot.test.context.filter.ExcludeFilterContextCustomizer@3023df74, org.springframework.boot.test.json.DuplicateJsonObjectContextCustomizerFactory$DuplicateJsonObjectContextCustomizer@2a65fe7c, org.springframework.boot.test.mock.mockito.MockitoContextCustomizer@0, org.springframework.boot.test.web.client.TestRestTemplateContextCustomizer@7b98f307, org.springframework.boot.test.autoconfigure.properties.PropertyMappingContextCustomizer@0, org.springframework.boot.test.autoconfigure.web.servlet.WebDriverContextCustomizerFactory$Customizer@5b7a5baa, org.springframework.boot.test.context.SpringBootTestArgs@1], resourceBasePath = 'src/main/webapp', contextLoader = 'org.springframework.boot.test.context.SpringBootContextLoader', parent = [null]], attributes = map['org.springframework.test.context.web.ServletTestExecutionListener.activateListener' -> true, 'org.springframework.test.context.web.ServletTestExecutionListener.populatedRequestContextHolder' -> true, 'org.springframework.test.context.web.ServletTestExecutionListener.resetRequestContextHolder' -> true]]
2020-07-13 11:18:04.414  INFO 8892 --- [SpringContextShutdownHook] com.alibaba.druid.pool.DruidDataSource   : {dataSource-1} closing ...
2020-07-13 11:18:04.422  INFO 8892 --- [SpringContextShutdownHook] com.alibaba.druid.pool.DruidDataSource   : {dataSource-1} closed
2020-07-13 11:23:13.687  INFO 16920 --- [main] b.m.TemplateSpringBootMybatisApplication : Starting TemplateSpringBootMybatisApplication on DESKTOP-T5E19KG with PID 16920 (E:\onion\github\template-spring-boot-mybatis\target\classes started by admin in E:\onion\github\template-spring-boot-mybatis)
2020-07-13 11:23:13.688  INFO 16920 --- [main] b.m.TemplateSpringBootMybatisApplication : No active profile set, falling back to default profiles: default
2020-07-13 11:23:14.285  WARN 16920 --- [main] t.m.s.mapper.ClassPathMapperScanner      : No MyBatis mapper was found in '[com.onion.template.spring.boot.mybatis]' package. Please check your configuration.
2020-07-13 11:23:14.327  INFO 16920 --- [main] .s.d.r.c.RepositoryConfigurationDelegate : Multiple Spring Data modules found, entering strict repository configuration mode!
2020-07-13 11:23:14.329  INFO 16920 --- [main] .s.d.r.c.RepositoryConfigurationDelegate : Bootstrapping Spring Data Redis repositories in DEFAULT mode.
2020-07-13 11:23:14.361  INFO 16920 --- [main] .s.d.r.c.RepositoryConfigurationDelegate : Finished Spring Data repository scanning in 20ms. Found 0 Redis repository interfaces.
2020-07-13 11:23:14.449  WARN 16920 --- [main] o.m.s.mapper.ClassPathMapperScanner      : No MyBatis mapper was found in '[com.onion.template.spring.boot.mybatis]' package. Please check your configuration.
2020-07-13 11:23:14.929  INFO 16920 --- [main] o.s.b.w.embedded.tomcat.TomcatWebServer  : Tomcat initialized with port(s): 8080 (http)
2020-07-13 11:23:14.955  INFO 16920 --- [main] o.apache.catalina.core.StandardService   : Starting service [Tomcat]
2020-07-13 11:23:14.955  INFO 16920 --- [main] org.apache.catalina.core.StandardEngine  : Starting Servlet engine: [Apache Tomcat/9.0.35]
2020-07-13 11:23:15.145  INFO 16920 --- [main] o.a.c.c.C.[Tomcat].[localhost].[/]       : Initializing Spring embedded WebApplicationContext
2020-07-13 11:23:15.145  INFO 16920 --- [main] o.s.web.context.ContextLoader            : Root WebApplicationContext: initialization completed in 1430 ms
2020-07-13 11:23:15.496  INFO 16920 --- [main] c.a.d.s.b.a.DruidDataSourceAutoConfigure : Init DruidDataSource
2020-07-13 11:23:16.809  INFO 16920 --- [main] com.alibaba.druid.pool.DruidDataSource   : {dataSource-1} inited
2020-07-13 11:23:17.247  INFO 16920 --- [main] pertySourcedRequestMappingHandlerMapping : Mapped URL path [/v2/api-docs] onto method [springfox.documentation.swagger2.web.Swagger2Controller#getDocumentation(String, HttpServletRequest)]
2020-07-13 11:23:17.556  INFO 16920 --- [main] o.s.b.w.embedded.tomcat.TomcatWebServer  : Tomcat started on port(s): 8080 (http) with context path ''
2020-07-13 11:23:17.557  INFO 16920 --- [main] d.s.w.p.DocumentationPluginsBootstrapper : Context refreshed
2020-07-13 11:23:17.567  INFO 16920 --- [main] d.s.w.p.DocumentationPluginsBootstrapper : Found 1 custom documentation plugin(s)
2020-07-13 11:23:17.585  INFO 16920 --- [main] s.d.s.w.s.ApiListingReferenceScanner     : Scanning for api listing references
2020-07-13 11:23:17.662  INFO 16920 --- [main] b.m.TemplateSpringBootMybatisApplication : Started TemplateSpringBootMybatisApplication in 4.262 seconds (JVM running for 8.073)
2020-07-13 11:23:28.969  INFO 16920 --- [http-nio-8080-exec-1] o.a.c.c.C.[Tomcat].[localhost].[/]       : Initializing Spring DispatcherServlet 'dispatcherServlet'
2020-07-13 11:23:28.969  INFO 16920 --- [http-nio-8080-exec-1] o.s.web.servlet.DispatcherServlet        : Initializing Servlet 'dispatcherServlet'
2020-07-13 11:23:28.983  INFO 16920 --- [http-nio-8080-exec-1] o.s.web.servlet.DispatcherServlet        : Completed initialization in 14 ms
2020-07-13 11:23:29.481  WARN 16920 --- [http-nio-8080-exec-10] o.s.web.servlet.PageNotFound             : No mapping for GET /
2020-07-13 11:23:29.547 ERROR 16920 --- [http-nio-8080-exec-10] c.o.t.s.b.m.config.TokenInterceptor      : 前端Token有问题，校验Redis上的Token失败
2020-07-13 11:23:29.568  WARN 16920 --- [http-nio-8080-exec-5] o.s.web.servlet.PageNotFound             : No mapping for GET /csrf
2020-07-13 11:23:29.569 ERROR 16920 --- [http-nio-8080-exec-5] c.o.t.s.b.m.config.TokenInterceptor      : 前端Token有问题，校验Redis上的Token失败
2020-07-13 11:23:29.696  WARN 16920 --- [http-nio-8080-exec-6] i.s.m.p.AbstractSerializableParameter    : Illegal DefaultValue  for parameter type integer

java.lang.NumberFormatException: For input string: ""
	at java.lang.NumberFormatException.forInputString(NumberFormatException.java:65) ~[na:1.8.0_121]
	at java.lang.Long.parseLong(Long.java:601) ~[na:1.8.0_121]
	at java.lang.Long.valueOf(Long.java:803) ~[na:1.8.0_121]
	at io.swagger.models.parameters.AbstractSerializableParameter.getExample(AbstractSerializableParameter.java:412) ~[swagger-models-1.5.20.jar:1.5.20]
	at sun.reflect.NativeMethodAccessorImpl.invoke0(Native Method) ~[na:1.8.0_121]
	at sun.reflect.NativeMethodAccessorImpl.invoke(NativeMethodAccessorImpl.java:62) ~[na:1.8.0_121]
	at sun.reflect.DelegatingMethodAccessorImpl.invoke(DelegatingMethodAccessorImpl.java:43) ~[na:1.8.0_121]
	at java.lang.reflect.Method.invoke(Method.java:498) ~[na:1.8.0_121]
	at com.fasterxml.jackson.databind.ser.BeanPropertyWriter.serializeAsField(BeanPropertyWriter.java:689) [jackson-databind-2.11.0.jar:2.11.0]
	at com.fasterxml.jackson.databind.ser.std.BeanSerializerBase.serializeFields(BeanSerializerBase.java:723) [jackson-databind-2.11.0.jar:2.11.0]
	at com.fasterxml.jackson.databind.ser.BeanSerializer.serialize(BeanSerializer.java:166) [jackson-databind-2.11.0.jar:2.11.0]
	at com.fasterxml.jackson.databind.ser.impl.IndexedListSerializer.serializeContents(IndexedListSerializer.java:119) [jackson-databind-2.11.0.jar:2.11.0]
	at com.fasterxml.jackson.databind.ser.impl.IndexedListSerializer.serialize(IndexedListSerializer.java:79) [jackson-databind-2.11.0.jar:2.11.0]
	at com.fasterxml.jackson.databind.ser.impl.IndexedListSerializer.serialize(IndexedListSerializer.java:18) [jackson-databind-2.11.0.jar:2.11.0]
	at com.fasterxml.jackson.databind.ser.BeanPropertyWriter.serializeAsField(BeanPropertyWriter.java:728) [jackson-databind-2.11.0.jar:2.11.0]
	at com.fasterxml.jackson.databind.ser.std.BeanSerializerBase.serializeFields(BeanSerializerBase.java:723) [jackson-databind-2.11.0.jar:2.11.0]
	at com.fasterxml.jackson.databind.ser.BeanSerializer.serialize(BeanSerializer.java:166) [jackson-databind-2.11.0.jar:2.11.0]
	at com.fasterxml.jackson.databind.ser.BeanPropertyWriter.serializeAsField(BeanPropertyWriter.java:728) [jackson-databind-2.11.0.jar:2.11.0]
	at com.fasterxml.jackson.databind.ser.std.BeanSerializerBase.serializeFields(BeanSerializerBase.java:723) [jackson-databind-2.11.0.jar:2.11.0]
	at com.fasterxml.jackson.databind.ser.BeanSerializer.serialize(BeanSerializer.java:166) [jackson-databind-2.11.0.jar:2.11.0]
	at com.fasterxml.jackson.databind.ser.std.MapSerializer.serializeFields(MapSerializer.java:726) [jackson-databind-2.11.0.jar:2.11.0]
	at com.fasterxml.jackson.databind.ser.std.MapSerializer.serializeWithoutTypeInfo(MapSerializer.java:681) [jackson-databind-2.11.0.jar:2.11.0]
	at com.fasterxml.jackson.databind.ser.std.MapSerializer.serialize(MapSerializer.java:637) [jackson-databind-2.11.0.jar:2.11.0]
	at com.fasterxml.jackson.databind.ser.std.MapSerializer.serialize(MapSerializer.java:33) [jackson-databind-2.11.0.jar:2.11.0]
	at com.fasterxml.jackson.databind.ser.BeanPropertyWriter.serializeAsField(BeanPropertyWriter.java:728) [jackson-databind-2.11.0.jar:2.11.0]
	at com.fasterxml.jackson.databind.ser.std.BeanSerializerBase.serializeFields(BeanSerializerBase.java:723) [jackson-databind-2.11.0.jar:2.11.0]
	at com.fasterxml.jackson.databind.ser.BeanSerializer.serialize(BeanSerializer.java:166) [jackson-databind-2.11.0.jar:2.11.0]
	at com.fasterxml.jackson.databind.ser.DefaultSerializerProvider._serialize(DefaultSerializerProvider.java:480) [jackson-databind-2.11.0.jar:2.11.0]
	at com.fasterxml.jackson.databind.ser.DefaultSerializerProvider.serializeValue(DefaultSerializerProvider.java:319) [jackson-databind-2.11.0.jar:2.11.0]
	at com.fasterxml.jackson.databind.ObjectMapper._configAndWriteValue(ObjectMapper.java:4374) [jackson-databind-2.11.0.jar:2.11.0]
	at com.fasterxml.jackson.databind.ObjectMapper.writeValueAsString(ObjectMapper.java:3629) [jackson-databind-2.11.0.jar:2.11.0]
	at springfox.documentation.spring.web.json.JsonSerializer.toJson(JsonSerializer.java:38) [springfox-spring-web-2.9.2.jar:null]
	at springfox.documentation.swagger2.web.Swagger2Controller.getDocumentation(Swagger2Controller.java:105) [springfox-swagger2-2.9.2.jar:null]
	at sun.reflect.NativeMethodAccessorImpl.invoke0(Native Method) ~[na:1.8.0_121]
	at sun.reflect.NativeMethodAccessorImpl.invoke(NativeMethodAccessorImpl.java:62) ~[na:1.8.0_121]
	at sun.reflect.DelegatingMethodAccessorImpl.invoke(DelegatingMethodAccessorImpl.java:43) ~[na:1.8.0_121]
	at java.lang.reflect.Method.invoke(Method.java:498) ~[na:1.8.0_121]
	at org.springframework.web.method.support.InvocableHandlerMethod.doInvoke(InvocableHandlerMethod.java:190) [spring-web-5.2.6.RELEASE.jar:5.2.6.RELEASE]
	at org.springframework.web.method.support.InvocableHandlerMethod.invokeForRequest(InvocableHandlerMethod.java:138) [spring-web-5.2.6.RELEASE.jar:5.2.6.RELEASE]
	at org.springframework.web.servlet.mvc.method.annotation.ServletInvocableHandlerMethod.invokeAndHandle(ServletInvocableHandlerMethod.java:105) [spring-webmvc-5.2.6.RELEASE.jar:5.2.6.RELEASE]
	at org.springframework.web.servlet.mvc.method.annotation.RequestMappingHandlerAdapter.invokeHandlerMethod(RequestMappingHandlerAdapter.java:879) [spring-webmvc-5.2.6.RELEASE.jar:5.2.6.RELEASE]
	at org.springframework.web.servlet.mvc.method.annotation.RequestMappingHandlerAdapter.handleInternal(RequestMappingHandlerAdapter.java:793) [spring-webmvc-5.2.6.RELEASE.jar:5.2.6.RELEASE]
	at org.springframework.web.servlet.mvc.method.AbstractHandlerMethodAdapter.handle(AbstractHandlerMethodAdapter.java:87) [spring-webmvc-5.2.6.RELEASE.jar:5.2.6.RELEASE]
	at org.springframework.web.servlet.DispatcherServlet.doDispatch(DispatcherServlet.java:1040) [spring-webmvc-5.2.6.RELEASE.jar:5.2.6.RELEASE]
	at org.springframework.web.servlet.DispatcherServlet.doService(DispatcherServlet.java:943) [spring-webmvc-5.2.6.RELEASE.jar:5.2.6.RELEASE]
	at org.springframework.web.servlet.FrameworkServlet.processRequest(FrameworkServlet.java:1006) [spring-webmvc-5.2.6.RELEASE.jar:5.2.6.RELEASE]
	at org.springframework.web.servlet.FrameworkServlet.doGet(FrameworkServlet.java:898) [spring-webmvc-5.2.6.RELEASE.jar:5.2.6.RELEASE]
	at javax.servlet.http.HttpServlet.service(HttpServlet.java:634) [tomcat-embed-core-9.0.35.jar:9.0.35]
	at org.springframework.web.servlet.FrameworkServlet.service(FrameworkServlet.java:883) [spring-webmvc-5.2.6.RELEASE.jar:5.2.6.RELEASE]
	at javax.servlet.http.HttpServlet.service(HttpServlet.java:741) [tomcat-embed-core-9.0.35.jar:9.0.35]
	at org.apache.catalina.core.ApplicationFilterChain.internalDoFilter(ApplicationFilterChain.java:231) [tomcat-embed-core-9.0.35.jar:9.0.35]
	at org.apache.catalina.core.ApplicationFilterChain.doFilter(ApplicationFilterChain.java:166) [tomcat-embed-core-9.0.35.jar:9.0.35]
	at org.apache.tomcat.websocket.server.WsFilter.doFilter(WsFilter.java:53) [tomcat-embed-websocket-9.0.35.jar:9.0.35]
	at org.apache.catalina.core.ApplicationFilterChain.internalDoFilter(ApplicationFilterChain.java:193) [tomcat-embed-core-9.0.35.jar:9.0.35]
	at org.apache.catalina.core.ApplicationFilterChain.doFilter(ApplicationFilterChain.java:166) [tomcat-embed-core-9.0.35.jar:9.0.35]
	at com.alibaba.druid.support.http.WebStatFilter.doFilter(WebStatFilter.java:124) [druid-1.1.22.jar:1.1.22]
	at org.apache.catalina.core.ApplicationFilterChain.internalDoFilter(ApplicationFilterChain.java:193) [tomcat-embed-core-9.0.35.jar:9.0.35]
	at org.apache.catalina.core.ApplicationFilterChain.doFilter(ApplicationFilterChain.java:166) [tomcat-embed-core-9.0.35.jar:9.0.35]
	at org.springframework.web.filter.CorsFilter.doFilterInternal(CorsFilter.java:92) [spring-web-5.2.6.RELEASE.jar:5.2.6.RELEASE]
	at org.springframework.web.filter.OncePerRequestFilter.doFilter(OncePerRequestFilter.java:119) [spring-web-5.2.6.RELEASE.jar:5.2.6.RELEASE]
	at org.apache.catalina.core.ApplicationFilterChain.internalDoFilter(ApplicationFilterChain.java:193) [tomcat-embed-core-9.0.35.jar:9.0.35]
	at org.apache.catalina.core.ApplicationFilterChain.doFilter(ApplicationFilterChain.java:166) [tomcat-embed-core-9.0.35.jar:9.0.35]
	at org.springframework.web.filter.CharacterEncodingFilter.doFilterInternal(CharacterEncodingFilter.java:201) [spring-web-5.2.6.RELEASE.jar:5.2.6.RELEASE]
	at org.springframework.web.filter.OncePerRequestFilter.doFilter(OncePerRequestFilter.java:119) [spring-web-5.2.6.RELEASE.jar:5.2.6.RELEASE]
	at org.apache.catalina.core.ApplicationFilterChain.internalDoFilter(ApplicationFilterChain.java:193) [tomcat-embed-core-9.0.35.jar:9.0.35]
	at org.apache.catalina.core.ApplicationFilterChain.doFilter(ApplicationFilterChain.java:166) [tomcat-embed-core-9.0.35.jar:9.0.35]
	at org.apache.catalina.core.StandardWrapperValve.invoke(StandardWrapperValve.java:202) [tomcat-embed-core-9.0.35.jar:9.0.35]
	at org.apache.catalina.core.StandardContextValve.invoke(StandardContextValve.java:96) [tomcat-embed-core-9.0.35.jar:9.0.35]
	at org.apache.catalina.authenticator.AuthenticatorBase.invoke(AuthenticatorBase.java:541) [tomcat-embed-core-9.0.35.jar:9.0.35]
	at org.apache.catalina.core.StandardHostValve.invoke(StandardHostValve.java:139) [tomcat-embed-core-9.0.35.jar:9.0.35]
	at org.apache.catalina.valves.ErrorReportValve.invoke(ErrorReportValve.java:92) [tomcat-embed-core-9.0.35.jar:9.0.35]
	at org.apache.catalina.core.StandardEngineValve.invoke(StandardEngineValve.java:74) [tomcat-embed-core-9.0.35.jar:9.0.35]
	at org.apache.catalina.connector.CoyoteAdapter.service(CoyoteAdapter.java:343) [tomcat-embed-core-9.0.35.jar:9.0.35]
	at org.apache.coyote.http11.Http11Processor.service(Http11Processor.java:373) [tomcat-embed-core-9.0.35.jar:9.0.35]
	at org.apache.coyote.AbstractProcessorLight.process(AbstractProcessorLight.java:65) [tomcat-embed-core-9.0.35.jar:9.0.35]
	at org.apache.coyote.AbstractProtocol$ConnectionHandler.process(AbstractProtocol.java:868) [tomcat-embed-core-9.0.35.jar:9.0.35]
	at org.apache.tomcat.util.net.NioEndpoint$SocketProcessor.doRun(NioEndpoint.java:1590) [tomcat-embed-core-9.0.35.jar:9.0.35]
	at org.apache.tomcat.util.net.SocketProcessorBase.run(SocketProcessorBase.java:49) [tomcat-embed-core-9.0.35.jar:9.0.35]
	at java.util.concurrent.ThreadPoolExecutor.runWorker(ThreadPoolExecutor.java:1142) [na:1.8.0_121]
	at java.util.concurrent.ThreadPoolExecutor$Worker.run(ThreadPoolExecutor.java:617) [na:1.8.0_121]
	at org.apache.tomcat.util.threads.TaskThread$WrappingRunnable.run(TaskThread.java:61) [tomcat-embed-core-9.0.35.jar:9.0.35]
	at java.lang.Thread.run(Thread.java:745) [na:1.8.0_121]

2020-07-13 11:23:58.999 DEBUG 16920 --- [http-nio-8080-exec-1] c.o.t.s.b.m.m.R.selectByPrimaryKey       : ==>  Preparing: SELECT role_id,role_name,role_status,role_remarks,limited_id FROM role WHERE role_id = ? 
2020-07-13 11:23:59.012 DEBUG 16920 --- [http-nio-8080-exec-1] c.o.t.s.b.m.m.R.selectByPrimaryKey       : ==> Parameters: 1(Integer)
2020-07-13 11:23:59.116 DEBUG 16920 --- [http-nio-8080-exec-1] c.o.t.s.b.m.m.R.selectByPrimaryKey       : <==      Total: 1
